<?xml version="1.0" encoding="UTF-8"?>
<testng-results skipped="0" failed="2" ignored="0" total="11" passed="9">
  <reporter-output>
  </reporter-output>
  <suite name="Dynamic Test Suite" duration-ms="91099" started-at="2023-02-14T16:29:26 IST" finished-at="2023-02-14T16:30:57 IST">
    <groups>
    </groups>
    <test name="Dynamic Test" duration-ms="91099" started-at="2023-02-14T16:29:26 IST" finished-at="2023-02-14T16:30:57 IST">
      <class name="tests.PimHrmTestcases">
        <test-method status="PASS" signature="launch()[pri:1, instance:tests.PimHrmTestcases@a87f8ec]" name="launch" duration-ms="12240" started-at="2023-02-14T16:29:26 IST" finished-at="2023-02-14T16:29:38 IST">
          <reporter-output>
          </reporter-output>
        </test-method> <!-- launch -->
        <test-method status="PASS" signature="login()[pri:2, instance:tests.PimHrmTestcases@a87f8ec]" name="login" duration-ms="1105" started-at="2023-02-14T16:29:38 IST" finished-at="2023-02-14T16:29:39 IST">
          <reporter-output>
          </reporter-output>
        </test-method> <!-- login -->
        <test-method status="PASS" signature="clickPimAction()[pri:3, instance:tests.PimHrmTestcases@a87f8ec]" name="clickPimAction" duration-ms="5980" started-at="2023-02-14T16:29:39 IST" finished-at="2023-02-14T16:29:45 IST">
          <reporter-output>
          </reporter-output>
        </test-method> <!-- clickPimAction -->
        <test-method status="PASS" signature="clickAddPageAction()[pri:4, instance:tests.PimHrmTestcases@a87f8ec]" name="clickAddPageAction" duration-ms="2614" started-at="2023-02-14T16:29:45 IST" finished-at="2023-02-14T16:29:48 IST">
          <reporter-output>
          </reporter-output>
        </test-method> <!-- clickAddPageAction -->
        <test-method status="PASS" signature="AddPageAction()[pri:5, instance:tests.PimHrmTestcases@a87f8ec]" name="AddPageAction" duration-ms="947" started-at="2023-02-14T16:29:48 IST" finished-at="2023-02-14T16:29:49 IST">
          <reporter-output>
          </reporter-output>
        </test-method> <!-- AddPageAction -->
        <test-method status="PASS" signature="scrolling()[pri:6, instance:tests.PimHrmTestcases@a87f8ec]" name="scrolling" duration-ms="6818" started-at="2023-02-14T16:29:49 IST" finished-at="2023-02-14T16:29:56 IST">
          <reporter-output>
          </reporter-output>
        </test-method> <!-- scrolling -->
        <test-method status="PASS" signature="DropdownAction()[pri:7, instance:tests.PimHrmTestcases@a87f8ec]" name="DropdownAction" duration-ms="2073" started-at="2023-02-14T16:29:56 IST" finished-at="2023-02-14T16:29:58 IST">
          <reporter-output>
          </reporter-output>
        </test-method> <!-- DropdownAction -->
        <test-method status="PASS" signature="SelectData()[pri:8, instance:tests.PimHrmTestcases@a87f8ec]" name="SelectData" duration-ms="4115" started-at="2023-02-14T16:29:58 IST" finished-at="2023-02-14T16:30:02 IST">
          <reporter-output>
          </reporter-output>
        </test-method> <!-- SelectData -->
        <test-method status="FAIL" signature="PersonalGenderSmoker()[pri:9, instance:tests.PimHrmTestcases@a87f8ec]" name="PersonalGenderSmoker" duration-ms="8402" started-at="2023-02-14T16:30:02 IST" finished-at="2023-02-14T16:30:10 IST">
          <exception class="org.openqa.selenium.TimeoutException">
            <message>
              <![CDATA[Expected condition failed: waiting for element to be clickable: [[EdgeDriver: msedge on WINDOWS (02078924d4d20dcfdf6b661e8a08b4e9)] -> xpath: //div[@class='oxd-input-group oxd-input-field-bottom-space'][1]/div[2]/div[@class='oxd-checkbox-wrapper']/label/input] (tried for 8 second(s) with 2000 milliseconds interval)
Build info: version: '4.6.0', revision: '79f1c02ae20'
System info: os.name: 'Windows 10', os.arch: 'amd64', os.version: '10.0', java.version: '1.8.0_91'
Driver info: driver.version: unknown]]>
            </message>
            <full-stacktrace>
              <![CDATA[org.openqa.selenium.TimeoutException: Expected condition failed: waiting for element to be clickable: [[EdgeDriver: msedge on WINDOWS (02078924d4d20dcfdf6b661e8a08b4e9)] -> xpath: //div[@class='oxd-input-group oxd-input-field-bottom-space'][1]/div[2]/div[@class='oxd-checkbox-wrapper']/label/input] (tried for 8 second(s) with 2000 milliseconds interval)
Build info: version: '4.6.0', revision: '79f1c02ae20'
System info: os.name: 'Windows 10', os.arch: 'amd64', os.version: '10.0', java.version: '1.8.0_91'
Driver info: driver.version: unknown
at org.openqa.selenium.support.ui.FluentWait.timeoutException(FluentWait.java:263)
at org.openqa.selenium.support.ui.FluentWait.until(FluentWait.java:231)
at utils.CommonActions.clickingOnWebElement(CommonActions.java:62)
at page.AddEmployeeForHrmPage.SelectCheckboxAndSave(AddEmployeeForHrmPage.java:156)
at tests.PimHrmTestcases.PersonalGenderSmoker(PimHrmTestcases.java:100)
at sun.reflect.NativeMethodAccessorImpl.invoke0(Native Method)
at sun.reflect.NativeMethodAccessorImpl.invoke(NativeMethodAccessorImpl.java:62)
at sun.reflect.DelegatingMethodAccessorImpl.invoke(DelegatingMethodAccessorImpl.java:43)
at java.lang.reflect.Method.invoke(Method.java:498)
at org.testng.internal.invokers.MethodInvocationHelper.invokeMethod(MethodInvocationHelper.java:135)
at org.testng.internal.invokers.TestInvoker.invokeMethod(TestInvoker.java:673)
at org.testng.internal.invokers.TestInvoker.invokeTestMethod(TestInvoker.java:220)
at org.testng.internal.invokers.MethodRunner.runInSequence(MethodRunner.java:50)
at org.testng.internal.invokers.TestInvoker$MethodInvocationAgent.invoke(TestInvoker.java:945)
at org.testng.internal.invokers.TestInvoker.invokeTestMethods(TestInvoker.java:193)
at org.testng.internal.invokers.TestMethodWorker.invokeTestMethods(TestMethodWorker.java:146)
at org.testng.internal.invokers.TestMethodWorker.run(TestMethodWorker.java:128)
at java.util.concurrent.ThreadPoolExecutor.runWorker(ThreadPoolExecutor.java:1142)
at java.util.concurrent.ThreadPoolExecutor$Worker.run(ThreadPoolExecutor.java:617)
at java.lang.Thread.run(Thread.java:745)
]]>
            </full-stacktrace>
          </exception> <!-- org.openqa.selenium.TimeoutException -->
          <reporter-output>
          </reporter-output>
        </test-method> <!-- PersonalGenderSmoker -->
        <test-method status="PASS" signature="quit()[pri:10, instance:tests.PimHrmTestcases@a87f8ec]" name="quit" duration-ms="1679" started-at="2023-02-14T16:30:10 IST" finished-at="2023-02-14T16:30:12 IST">
          <reporter-output>
          </reporter-output>
        </test-method> <!-- quit -->
      </class> <!-- tests.PimHrmTestcases -->
      <class name="tests.SnapdealScenariosTest">
        <test-method status="PASS" signature="launch()[pri:0, instance:tests.SnapdealScenariosTest@344f4dea]" name="launch" is-config="true" duration-ms="18028" started-at="2023-02-14T16:29:26 IST" finished-at="2023-02-14T16:29:44 IST">
          <reporter-output>
          </reporter-output>
        </test-method> <!-- launch -->
        <test-method status="FAIL" signature="BluetoothItemWithEdgeBrowser(java.lang.String)[pri:0, instance:tests.SnapdealScenariosTest@344f4dea]" name="BluetoothItemWithEdgeBrowser" duration-ms="71586" started-at="2023-02-14T16:29:44 IST" data-provider="excel-data" finished-at="2023-02-14T16:30:56 IST">
          <params>
            <param index="0">
              <value>
                <![CDATA[Bluetooth Headphone]]>
              </value>
            </param>
          </params>
          <exception class="java.lang.NullPointerException">
            <full-stacktrace>
              <![CDATA[java.lang.NullPointerException
at utils.Log.info1(Log.java:51)
at tests.SnapdealScenariosTest.BluetoothItemWithEdgeBrowser(SnapdealScenariosTest.java:125)
at sun.reflect.NativeMethodAccessorImpl.invoke0(Native Method)
at sun.reflect.NativeMethodAccessorImpl.invoke(NativeMethodAccessorImpl.java:62)
at sun.reflect.DelegatingMethodAccessorImpl.invoke(DelegatingMethodAccessorImpl.java:43)
at java.lang.reflect.Method.invoke(Method.java:498)
at org.testng.internal.invokers.MethodInvocationHelper.invokeMethod(MethodInvocationHelper.java:135)
at org.testng.internal.invokers.TestInvoker.invokeMethod(TestInvoker.java:673)
at org.testng.internal.invokers.TestInvoker.invokeTestMethod(TestInvoker.java:220)
at org.testng.internal.invokers.TestMethodWithDataProviderMethodWorker.call(TestMethodWithDataProviderMethodWorker.java:80)
at org.testng.internal.invokers.TestMethodWithDataProviderMethodWorker.call(TestMethodWithDataProviderMethodWorker.java:17)
at java.util.concurrent.FutureTask.run(FutureTask.java:266)
at java.util.concurrent.Executors$RunnableAdapter.call(Executors.java:511)
at java.util.concurrent.FutureTask.run(FutureTask.java:266)
at java.util.concurrent.ThreadPoolExecutor.runWorker(ThreadPoolExecutor.java:1142)
at java.util.concurrent.ThreadPoolExecutor$Worker.run(ThreadPoolExecutor.java:617)
at java.lang.Thread.run(Thread.java:745)
]]>
            </full-stacktrace>
          </exception> <!-- java.lang.NullPointerException -->
          <reporter-output>
          </reporter-output>
        </test-method> <!-- BluetoothItemWithEdgeBrowser -->
        <test-method status="PASS" signature="teardown()[pri:0, instance:tests.SnapdealScenariosTest@344f4dea]" name="teardown" is-config="true" duration-ms="1413" started-at="2023-02-14T16:30:56 IST" finished-at="2023-02-14T16:30:57 IST">
          <reporter-output>
          </reporter-output>
        </test-method> <!-- teardown -->
      </class> <!-- tests.SnapdealScenariosTest -->
    </test> <!-- Dynamic Test -->
  </suite> <!-- Dynamic Test Suite -->
</testng-results>
