<?xml version="1.0" encoding="UTF-8"?>
<testng-results skipped="0" failed="0" ignored="0" total="11" passed="11">
  <reporter-output>
  </reporter-output>
  <suite name="Dynamic Test Suite" duration-ms="56087" started-at="2023-02-27T14:09:26 IST" finished-at="2023-02-27T14:10:23 IST">
    <groups>
    </groups>
    <test name="Dynamic Test" duration-ms="56087" started-at="2023-02-27T14:09:26 IST" finished-at="2023-02-27T14:10:23 IST">
      <class name="tests.PimHrmTestcases">
        <test-method status="PASS" signature="launch(java.lang.String)[pri:1, instance:tests.PimHrmTestcases@294e5088]" name="launch" duration-ms="16526" started-at="2023-02-27T14:09:27 IST" finished-at="2023-02-27T14:09:43 IST">
          <params>
            <param index="0">
              <value>
                <![CDATA[Edge]]>
              </value>
            </param>
          </params>
          <reporter-output>
          </reporter-output>
        </test-method> <!-- launch -->
        <test-method status="PASS" signature="login()[pri:2, instance:tests.PimHrmTestcases@294e5088]" name="login" duration-ms="2898" started-at="2023-02-27T14:09:43 IST" finished-at="2023-02-27T14:09:46 IST">
          <reporter-output>
          </reporter-output>
        </test-method> <!-- login -->
        <test-method status="PASS" signature="clickPimAction()[pri:3, instance:tests.PimHrmTestcases@294e5088]" name="clickPimAction" duration-ms="6421" started-at="2023-02-27T14:09:46 IST" finished-at="2023-02-27T14:09:52 IST">
          <reporter-output>
          </reporter-output>
        </test-method> <!-- clickPimAction -->
        <test-method status="PASS" signature="clickAddPageAction()[pri:4, instance:tests.PimHrmTestcases@294e5088]" name="clickAddPageAction" duration-ms="4607" started-at="2023-02-27T14:09:52 IST" finished-at="2023-02-27T14:09:57 IST">
          <reporter-output>
          </reporter-output>
        </test-method> <!-- clickAddPageAction -->
        <test-method status="PASS" signature="AddPageAction()[pri:5, instance:tests.PimHrmTestcases@294e5088]" name="AddPageAction" duration-ms="742" started-at="2023-02-27T14:09:57 IST" finished-at="2023-02-27T14:09:58 IST">
          <reporter-output>
          </reporter-output>
        </test-method> <!-- AddPageAction -->
        <test-method status="PASS" signature="scrolling()[pri:6, instance:tests.PimHrmTestcases@294e5088]" name="scrolling" duration-ms="6950" started-at="2023-02-27T14:09:58 IST" finished-at="2023-02-27T14:10:05 IST">
          <reporter-output>
          </reporter-output>
        </test-method> <!-- scrolling -->
        <test-method status="PASS" signature="DropdownAction()[pri:7, instance:tests.PimHrmTestcases@294e5088]" name="DropdownAction" duration-ms="1867" started-at="2023-02-27T14:10:05 IST" finished-at="2023-02-27T14:10:07 IST">
          <reporter-output>
          </reporter-output>
        </test-method> <!-- DropdownAction -->
        <test-method status="PASS" signature="SelectData()[pri:8, instance:tests.PimHrmTestcases@294e5088]" name="SelectData" duration-ms="4177" started-at="2023-02-27T14:10:07 IST" finished-at="2023-02-27T14:10:11 IST">
          <reporter-output>
          </reporter-output>
        </test-method> <!-- SelectData -->
        <test-method status="PASS" signature="PersonalGenderSmoker()[pri:9, instance:tests.PimHrmTestcases@294e5088]" name="PersonalGenderSmoker" duration-ms="2348" started-at="2023-02-27T14:10:11 IST" finished-at="2023-02-27T14:10:13 IST">
          <reporter-output>
          </reporter-output>
        </test-method> <!-- PersonalGenderSmoker -->
        <test-method status="PASS" signature="quit()[pri:10, instance:tests.PimHrmTestcases@294e5088]" name="quit" duration-ms="2113" started-at="2023-02-27T14:10:13 IST" finished-at="2023-02-27T14:10:15 IST">
          <reporter-output>
          </reporter-output>
        </test-method> <!-- quit -->
      </class> <!-- tests.PimHrmTestcases -->
      <class name="tests.SnapdealScenariosTest">
        <test-method status="PASS" signature="launch(java.lang.String)[pri:0, instance:tests.SnapdealScenariosTest@47f4e407]" name="launch" is-config="true" duration-ms="17946" started-at="2023-02-27T14:09:27 IST" finished-at="2023-02-27T14:09:45 IST">
          <params>
            <param index="0">
              <value>
                <![CDATA[Chrome]]>
              </value>
            </param>
          </params>
          <reporter-output>
          </reporter-output>
        </test-method> <!-- launch -->
        <test-method status="PASS" signature="BluetoothItemWithEdgeBrowser(java.lang.String)[pri:0, instance:tests.SnapdealScenariosTest@47f4e407]" name="BluetoothItemWithEdgeBrowser" duration-ms="36538" started-at="2023-02-27T14:09:45 IST" data-provider="excel-data" finished-at="2023-02-27T14:10:21 IST">
          <params>
            <param index="0">
              <value>
                <![CDATA[Bluetooth Headphone]]>
              </value>
            </param>
          </params>
          <reporter-output>
          </reporter-output>
        </test-method> <!-- BluetoothItemWithEdgeBrowser -->
        <test-method status="PASS" signature="teardown()[pri:0, instance:tests.SnapdealScenariosTest@47f4e407]" name="teardown" is-config="true" duration-ms="1540" started-at="2023-02-27T14:10:21 IST" finished-at="2023-02-27T14:10:23 IST">
          <reporter-output>
          </reporter-output>
        </test-method> <!-- teardown -->
      </class> <!-- tests.SnapdealScenariosTest -->
    </test> <!-- Dynamic Test -->
  </suite> <!-- Dynamic Test Suite -->
</testng-results>
