<?xml version="1.0" encoding="UTF-8"?>
<testng-results skipped="0" failed="1" ignored="0" total="1" passed="0">
  <reporter-output>
  </reporter-output>
  <suite name="TestSuite" duration-ms="37979" started-at="2023-02-09T04:23:16Z" finished-at="2023-02-09T04:23:54Z">
    <groups>
    </groups>
    <test name="Test" duration-ms="37979" started-at="2023-02-09T04:23:16Z" finished-at="2023-02-09T04:23:54Z">
      <class name="tests.PimHrmTestcases">
        <test-method status="FAIL" signature="launch()[pri:0, instance:tests.PimHrmTestcases@106cc338]" name="launch" duration-ms="37954" started-at="2023-02-09T04:23:16Z" finished-at="2023-02-09T04:23:54Z">
          <exception class="org.openqa.selenium.ElementClickInterceptedException">
            <message>
              <![CDATA[element click intercepted: Element <input class="oxd-input oxd-input--active orangehrm-firstname" name="firstName" placeholder="First Name" data-v-844e87dc=""> is not clickable at point (691, 271). Other element would receive the click: <div class="oxd-form-loader" data-v-2027e1a1="">...</div>
  (Session info: MicrosoftEdge=109.0.1518.70)
Build info: version: '4.6.0', revision: '79f1c02ae20'
System info: os.name: 'Windows 10', os.arch: 'amd64', os.version: '10.0', java.version: '1.8.0_91'
Driver info: org.openqa.selenium.edge.EdgeDriver
Command: [6b771a27312316f6807912e5c8315f29, clickElement {id=e060360a-de2e-4035-9a07-cc0372949841}]
Capabilities {acceptInsecureCerts: true, browserName: msedge, browserVersion: 109.0.1518.70, ms:edgeOptions: {debuggerAddress: localhost:64504}, msedge: {msedgedriverVersion: 109.0.1518.78 (4e4b32c38163..., userDataDir: C:\Users\SK66921\AppData\Lo...}, networkConnectionEnabled: false, pageLoadStrategy: normal, platformName: WINDOWS, proxy: Proxy(), se:cdp: ws://localhost:64504/devtoo..., se:cdpVersion: 109.0.1518.70, setWindowRect: true, strictFileInteractability: false, timeouts: {implicit: 0, pageLoad: 300000, script: 30000}, unhandledPromptBehavior: dismiss and notify, webauthn:extension:credBlob: true, webauthn:extension:largeBlob: true, webauthn:virtualAuthenticators: true}
Element: [[EdgeDriver: msedge on WINDOWS (6b771a27312316f6807912e5c8315f29)] -> xpath: //input[@placeholder='First Name']]
Session ID: 6b771a27312316f6807912e5c8315f29]]>
            </message>
            <full-stacktrace>
              <![CDATA[org.openqa.selenium.ElementClickInterceptedException: element click intercepted: Element <input class="oxd-input oxd-input--active orangehrm-firstname" name="firstName" placeholder="First Name" data-v-844e87dc=""> is not clickable at point (691, 271). Other element would receive the click: <div class="oxd-form-loader" data-v-2027e1a1="">...</div>
  (Session info: MicrosoftEdge=109.0.1518.70)
Build info: version: '4.6.0', revision: '79f1c02ae20'
System info: os.name: 'Windows 10', os.arch: 'amd64', os.version: '10.0', java.version: '1.8.0_91'
Driver info: org.openqa.selenium.edge.EdgeDriver
Command: [6b771a27312316f6807912e5c8315f29, clickElement {id=e060360a-de2e-4035-9a07-cc0372949841}]
Capabilities {acceptInsecureCerts: true, browserName: msedge, browserVersion: 109.0.1518.70, ms:edgeOptions: {debuggerAddress: localhost:64504}, msedge: {msedgedriverVersion: 109.0.1518.78 (4e4b32c38163..., userDataDir: C:\Users\SK66921\AppData\Lo...}, networkConnectionEnabled: false, pageLoadStrategy: normal, platformName: WINDOWS, proxy: Proxy(), se:cdp: ws://localhost:64504/devtoo..., se:cdpVersion: 109.0.1518.70, setWindowRect: true, strictFileInteractability: false, timeouts: {implicit: 0, pageLoad: 300000, script: 30000}, unhandledPromptBehavior: dismiss and notify, webauthn:extension:credBlob: true, webauthn:extension:largeBlob: true, webauthn:virtualAuthenticators: true}
Element: [[EdgeDriver: msedge on WINDOWS (6b771a27312316f6807912e5c8315f29)] -> xpath: //input[@placeholder='First Name']]
Session ID: 6b771a27312316f6807912e5c8315f29
at sun.reflect.NativeConstructorAccessorImpl.newInstance0(Native Method)
at sun.reflect.NativeConstructorAccessorImpl.newInstance(NativeConstructorAccessorImpl.java:62)
at sun.reflect.DelegatingConstructorAccessorImpl.newInstance(DelegatingConstructorAccessorImpl.java:45)
at java.lang.reflect.Constructor.newInstance(Constructor.java:423)
at org.openqa.selenium.remote.codec.w3c.W3CHttpResponseCodec.createException(W3CHttpResponseCodec.java:200)
at org.openqa.selenium.remote.codec.w3c.W3CHttpResponseCodec.decode(W3CHttpResponseCodec.java:133)
at org.openqa.selenium.remote.codec.w3c.W3CHttpResponseCodec.decode(W3CHttpResponseCodec.java:53)
at org.openqa.selenium.remote.HttpCommandExecutor.execute(HttpCommandExecutor.java:184)
at org.openqa.selenium.remote.service.DriverCommandExecutor.invokeExecute(DriverCommandExecutor.java:167)
at org.openqa.selenium.remote.service.DriverCommandExecutor.execute(DriverCommandExecutor.java:142)
at org.openqa.selenium.remote.RemoteWebDriver.execute(RemoteWebDriver.java:541)
at org.openqa.selenium.remote.RemoteWebElement.execute(RemoteWebElement.java:257)
at org.openqa.selenium.remote.RemoteWebElement.click(RemoteWebElement.java:78)
at sun.reflect.NativeMethodAccessorImpl.invoke0(Native Method)
at sun.reflect.NativeMethodAccessorImpl.invoke(NativeMethodAccessorImpl.java:62)
at sun.reflect.DelegatingMethodAccessorImpl.invoke(DelegatingMethodAccessorImpl.java:43)
at java.lang.reflect.Method.invoke(Method.java:498)
at org.openqa.selenium.support.pagefactory.internal.LocatingElementHandler.invoke(LocatingElementHandler.java:52)
at com.sun.proxy.$Proxy14.click(Unknown Source)
at utils.CommonActions.sendKeysWebElement(CommonActions.java:81)
at page.AddEmployeeForHrmPage.AddEmployeeActions(AddEmployeeForHrmPage.java:107)
at tests.PimHrmTestcases.launch(PimHrmTestcases.java:54)
at sun.reflect.NativeMethodAccessorImpl.invoke0(Native Method)
at sun.reflect.NativeMethodAccessorImpl.invoke(NativeMethodAccessorImpl.java:62)
at sun.reflect.DelegatingMethodAccessorImpl.invoke(DelegatingMethodAccessorImpl.java:43)
at java.lang.reflect.Method.invoke(Method.java:498)
at org.testng.internal.MethodInvocationHelper.invokeMethod(MethodInvocationHelper.java:124)
at org.testng.internal.Invoker.invokeMethod(Invoker.java:583)
at org.testng.internal.Invoker.invokeTestMethod(Invoker.java:719)
at org.testng.internal.Invoker.invokeTestMethods(Invoker.java:989)
at org.testng.internal.TestMethodWorker.invokeTestMethods(TestMethodWorker.java:125)
at org.testng.internal.TestMethodWorker.run(TestMethodWorker.java:109)
at java.util.concurrent.ThreadPoolExecutor.runWorker(ThreadPoolExecutor.java:1142)
at java.util.concurrent.ThreadPoolExecutor$Worker.run(ThreadPoolExecutor.java:617)
at java.lang.Thread.run(Thread.java:745)
]]>
            </full-stacktrace>
          </exception> <!-- org.openqa.selenium.ElementClickInterceptedException -->
          <reporter-output>
          </reporter-output>
        </test-method> <!-- launch -->
      </class> <!-- tests.PimHrmTestcases -->
    </test> <!-- Test -->
  </suite> <!-- TestSuite -->
</testng-results>
