<?xml version="1.0" encoding="UTF-8"?>
<!-- Generated by org.testng.reporters.JUnitXMLReporter -->
<testsuite hostname="BFSIW46ZLPC1306" ignored="0" name="Test" tests="1" failures="1" timestamp="08 Feb 2023 12:14:18 GMT" time="30.317" errors="0">
  <testcase name="launch" time="30.296" classname="tests.PimHrmTestcases">
    <failure type="org.openqa.selenium.ElementClickInterceptedException" message="element click intercepted: Element &amp;lt;input class=&amp;quot;oxd-input oxd-input--active orangehrm-firstname&amp;quot; name=&amp;quot;firstName&amp;quot; placeholder=&amp;quot;First Name&amp;quot; data-v-844e87dc=&amp;quot;&amp;quot;&amp;gt; is not clickable at point (688, 271). Other element would receive the click: &amp;lt;div class=&amp;quot;oxd-form-loader&amp;quot; data-v-2027e1a1=&amp;quot;&amp;quot;&amp;gt;...&amp;lt;/div&amp;gt;
  (Session info: MicrosoftEdge=109.0.1518.70)
Build info: version: &amp;apos;4.6.0&amp;apos;, revision: &amp;apos;79f1c02ae20&amp;apos;
System info: os.name: &amp;apos;Windows 10&amp;apos;, os.arch: &amp;apos;amd64&amp;apos;, os.version: &amp;apos;10.0&amp;apos;, java.version: &amp;apos;1.8.0_91&amp;apos;
Driver info: org.openqa.selenium.edge.EdgeDriver
Command: [da03dd5c2d68f21ea133710a2257f53f, clickElement {id=dafb01f0-1114-4de6-8fe7-f661fbc1e024}]
Capabilities {acceptInsecureCerts: true, browserName: msedge, browserVersion: 109.0.1518.70, ms:edgeOptions: {debuggerAddress: localhost:53755}, msedge: {msedgedriverVersion: 109.0.1518.78 (4e4b32c38163..., userDataDir: C:\Users\SK66921\AppData\Lo...}, networkConnectionEnabled: false, pageLoadStrategy: normal, platformName: WINDOWS, proxy: Proxy(), se:cdp: ws://localhost:53755/devtoo..., se:cdpVersion: 109.0.1518.70, setWindowRect: true, strictFileInteractability: false, timeouts: {implicit: 0, pageLoad: 300000, script: 30000}, unhandledPromptBehavior: dismiss and notify, webauthn:extension:credBlob: true, webauthn:extension:largeBlob: true, webauthn:virtualAuthenticators: true}
Element: [[EdgeDriver: msedge on WINDOWS (da03dd5c2d68f21ea133710a2257f53f)] -&amp;gt; xpath: //input[@placeholder=&amp;apos;First Name&amp;apos;]]
Session ID: da03dd5c2d68f21ea133710a2257f53f">
      <![CDATA[org.openqa.selenium.ElementClickInterceptedException: element click intercepted: Element <input class="oxd-input oxd-input--active orangehrm-firstname" name="firstName" placeholder="First Name" data-v-844e87dc=""> is not clickable at point (688, 271). Other element would receive the click: <div class="oxd-form-loader" data-v-2027e1a1="">...</div>
  (Session info: MicrosoftEdge=109.0.1518.70)
Build info: version: '4.6.0', revision: '79f1c02ae20'
System info: os.name: 'Windows 10', os.arch: 'amd64', os.version: '10.0', java.version: '1.8.0_91'
Driver info: org.openqa.selenium.edge.EdgeDriver
Command: [da03dd5c2d68f21ea133710a2257f53f, clickElement {id=dafb01f0-1114-4de6-8fe7-f661fbc1e024}]
Capabilities {acceptInsecureCerts: true, browserName: msedge, browserVersion: 109.0.1518.70, ms:edgeOptions: {debuggerAddress: localhost:53755}, msedge: {msedgedriverVersion: 109.0.1518.78 (4e4b32c38163..., userDataDir: C:\Users\SK66921\AppData\Lo...}, networkConnectionEnabled: false, pageLoadStrategy: normal, platformName: WINDOWS, proxy: Proxy(), se:cdp: ws://localhost:53755/devtoo..., se:cdpVersion: 109.0.1518.70, setWindowRect: true, strictFileInteractability: false, timeouts: {implicit: 0, pageLoad: 300000, script: 30000}, unhandledPromptBehavior: dismiss and notify, webauthn:extension:credBlob: true, webauthn:extension:largeBlob: true, webauthn:virtualAuthenticators: true}
Element: [[EdgeDriver: msedge on WINDOWS (da03dd5c2d68f21ea133710a2257f53f)] -> xpath: //input[@placeholder='First Name']]
Session ID: da03dd5c2d68f21ea133710a2257f53f
at org.openqa.selenium.remote.codec.w3c.W3CHttpResponseCodec.createException(W3CHttpResponseCodec.java:200)
at org.openqa.selenium.remote.codec.w3c.W3CHttpResponseCodec.decode(W3CHttpResponseCodec.java:133)
at org.openqa.selenium.remote.codec.w3c.W3CHttpResponseCodec.decode(W3CHttpResponseCodec.java:53)
at org.openqa.selenium.remote.HttpCommandExecutor.execute(HttpCommandExecutor.java:184)
at org.openqa.selenium.remote.service.DriverCommandExecutor.invokeExecute(DriverCommandExecutor.java:167)
at org.openqa.selenium.remote.service.DriverCommandExecutor.execute(DriverCommandExecutor.java:142)
at org.openqa.selenium.remote.RemoteWebDriver.execute(RemoteWebDriver.java:541)
at org.openqa.selenium.remote.RemoteWebElement.execute(RemoteWebElement.java:257)
at org.openqa.selenium.remote.RemoteWebElement.click(RemoteWebElement.java:78)
at org.openqa.selenium.support.pagefactory.internal.LocatingElementHandler.invoke(LocatingElementHandler.java:52)
at com.sun.proxy.$Proxy14.click(Unknown Source)
at utils.CommonActions.sendKeysWebElement(CommonActions.java:81)
at page.AddEmployeeForHrmPage.AddEmployeeActions(AddEmployeeForHrmPage.java:107)
at tests.PimHrmTestcases.launch(PimHrmTestcases.java:54)
at java.util.concurrent.ThreadPoolExecutor.runWorker(ThreadPoolExecutor.java:1142)
at java.util.concurrent.ThreadPoolExecutor$Worker.run(ThreadPoolExecutor.java:617)
at java.lang.Thread.run(Thread.java:745)
... Removed 18 stack frames]]>
    </failure>
  </testcase> <!-- launch -->
</testsuite> <!-- Test -->
