<?xml version="1.0" encoding="UTF-8"?>
<!-- Generated by org.testng.reporters.JUnitXMLReporter -->
<testsuite hostname="BFSIW46ZLPC1306" ignored="0" name="Dynamic Test" tests="11" failures="0" timestamp="2023-02-27T14:10:23 IST" time="56.087" errors="0">
  <testcase name="launch" time="16.526" classname="tests.PimHrmTestcases"/>
  <testcase name="login" time="2.898" classname="tests.PimHrmTestcases"/>
  <testcase name="clickPimAction" time="6.421" classname="tests.PimHrmTestcases"/>
  <testcase name="clickAddPageAction" time="4.607" classname="tests.PimHrmTestcases"/>
  <testcase name="AddPageAction" time="0.742" classname="tests.PimHrmTestcases"/>
  <testcase name="scrolling" time="6.95" classname="tests.PimHrmTestcases"/>
  <testcase name="DropdownAction" time="1.867" classname="tests.PimHrmTestcases"/>
  <testcase name="SelectData" time="4.177" classname="tests.PimHrmTestcases"/>
  <testcase name="PersonalGenderSmoker" time="2.348" classname="tests.PimHrmTestcases"/>
  <testcase name="quit" time="2.113" classname="tests.PimHrmTestcases"/>
  <testcase name="BluetoothItemWithEdgeBrowser" time="36.538" classname="tests.SnapdealScenariosTest"/>
</testsuite> <!-- Dynamic Test -->
