<?xml version="1.0" encoding="UTF-8"?>
<!-- Generated by org.testng.reporters.JUnitXMLReporter -->
<testsuite hostname="BFSIW46ZLPC1306" ignored="0" name="Dynamic Test" tests="11" failures="2" timestamp="2023-02-15T12:01:52 IST" time="105.574" errors="0">
  <testcase name="launch" time="10.464" classname="tests.PimHrmTestcases"/>
  <testcase name="login" time="1.098" classname="tests.PimHrmTestcases"/>
  <testcase name="clickPimAction" time="5.984" classname="tests.PimHrmTestcases"/>
  <testcase name="clickAddPageAction" time="2.873" classname="tests.PimHrmTestcases"/>
  <testcase name="AddPageAction" time="0.686" classname="tests.PimHrmTestcases"/>
  <testcase name="scrolling" time="6.58" classname="tests.PimHrmTestcases"/>
  <testcase name="DropdownAction" time="1.267" classname="tests.PimHrmTestcases"/>
  <testcase name="SelectData" time="3.182" classname="tests.PimHrmTestcases"/>
  <testcase name="PersonalGenderSmoker" time="8.207" classname="tests.PimHrmTestcases">
    <failure type="org.openqa.selenium.TimeoutException" message="Expected condition failed: waiting for element to be clickable: [[EdgeDriver: msedge on WINDOWS (74fec6c74062239338f02c0c900ed9be)] -&amp;gt; xpath: //div[@class=&amp;apos;oxd-input-group oxd-input-field-bottom-space&amp;apos;][1]/div[2]/div[@class=&amp;apos;oxd-checkbox-wrapper&amp;apos;]/label/input] (tried for 8 second(s) with 2000 milliseconds interval)
Build info: version: &amp;apos;4.6.0&amp;apos;, revision: &amp;apos;79f1c02ae20&amp;apos;
System info: os.name: &amp;apos;Windows 10&amp;apos;, os.arch: &amp;apos;amd64&amp;apos;, os.version: &amp;apos;10.0&amp;apos;, java.version: &amp;apos;1.8.0_91&amp;apos;
Driver info: driver.version: unknown">
      <![CDATA[org.openqa.selenium.TimeoutException: Expected condition failed: waiting for element to be clickable: [[EdgeDriver: msedge on WINDOWS (74fec6c74062239338f02c0c900ed9be)] -> xpath: //div[@class='oxd-input-group oxd-input-field-bottom-space'][1]/div[2]/div[@class='oxd-checkbox-wrapper']/label/input] (tried for 8 second(s) with 2000 milliseconds interval)
Build info: version: '4.6.0', revision: '79f1c02ae20'
System info: os.name: 'Windows 10', os.arch: 'amd64', os.version: '10.0', java.version: '1.8.0_91'
Driver info: driver.version: unknown
at org.openqa.selenium.support.ui.FluentWait.timeoutException(FluentWait.java:263)
at org.openqa.selenium.support.ui.FluentWait.until(FluentWait.java:231)
at utils.CommonActions.clickingOnWebElement(CommonActions.java:62)
at page.AddEmployeeForHrmPage.SelectCheckboxAndSave(AddEmployeeForHrmPage.java:156)
at tests.PimHrmTestcases.PersonalGenderSmoker(PimHrmTestcases.java:100)
at java.util.ArrayList.forEach(ArrayList.java:1249)
at tests.ExcelTestRunner.main(ExcelTestRunner.java:62)
... Removed 24 stack frames]]>
    </failure>
  </testcase> <!-- PersonalGenderSmoker -->
  <testcase name="quit" time="1.184" classname="tests.PimHrmTestcases"/>
  <testcase name="BluetoothItemWithEdgeBrowser" time="33.161" classname="tests.SnapdealScenariosTest">
    <failure type="java.lang.NullPointerException">
      <![CDATA[java.lang.NullPointerException
at utils.Log.info1(Log.java:51)
at tests.SnapdealScenariosTest.BluetoothItemWithEdgeBrowser(SnapdealScenariosTest.java:125)
at java.util.concurrent.FutureTask.run(FutureTask.java:266)
at java.util.concurrent.Executors$RunnableAdapter.call(Executors.java:511)
at java.util.concurrent.FutureTask.run(FutureTask.java:266)
at java.util.concurrent.ThreadPoolExecutor.runWorker(ThreadPoolExecutor.java:1142)
at java.util.concurrent.ThreadPoolExecutor$Worker.run(ThreadPoolExecutor.java:617)
at java.lang.Thread.run(Thread.java:745)
... Removed 9 stack frames]]>
    </failure>
  </testcase> <!-- BluetoothItemWithEdgeBrowser -->
</testsuite> <!-- Dynamic Test -->
